<?xml version="1.0" encoding="UTF-8"?>
<testsuite xmlns:xsi="http://www.w3.org/2001/XMLSchema-instance" xsi:noNamespaceSchemaLocation="https://maven.apache.org/surefire/maven-surefire-plugin/xsd/surefire-test-report-3.0.xsd" version="3.0" name="com.dataqualityworks.migration.AcceptanceTest" time="6.658" tests="48" errors="0" skipped="0" failures="0">
  <properties>
[...]
</properties>
  <testcase name="Example #1.1" classname="Examples" time="3.109">
    <system-out><![CDATA[18:13:38.459 [main] INFO org.springframework.test.context.support.AnnotationConfigContextLoaderUtils -- Could not detect default configuration classes for test class [com.dataqualityworks.migration.CucumberSpringStepDefinition]: CucumberSpringStepDefinition does not declare any static, non-private, non-final, nested classes annotated with @Configuration.
18:13:38.593 [main] INFO org.springframework.boot.test.context.SpringBootTestContextBootstrapper -- Found @SpringBootConfiguration com.dataqualityworks.migration.RdfBuilderApplication for test class com.dataqualityworks.migration.CucumberSpringStepDefinition
 ____  _____ _____ _____    _____ _____ _____ _____ _____ _____ _____ _____ _____    _____ _____ _____ _____ _____ _____ _____ 
|    \|  _  |_   _|  _  |  |     |     |   __| __  |  _  |_   _|     |     |   | |  |_   _|   __|   __|_   _|     |   | |   __|
|  |  |     | | | |     |  | | | |-   -|  |  |    -|     | | | |-   -|  |  | | | |    | | |   __|__   | | | |-   -| | | |  |  |
|____/|__|__| |_| |__|__|  |_|_|_|_____|_____|__|__|__|__| |_| |_____|_____|_|___|    |_| |_____|_____| |_| |_____|_|___|_____|
Data Migration Testing 1.0.0-SNAPSHOT
2024-05-21T18:13:39.352+10:00  INFO 12888 --- [           main] c.d.m.CucumberSpringStepDefinition       : Starting CucumberSpringStepDefinition using Java 17.0.5 with PID 12888 (started by xonix in C:\Users\xonix\Projects\data-migration-testing)
2024-05-21T18:13:39.355+10:00  INFO 12888 --- [           main] c.d.m.CucumberSpringStepDefinition       : No active profile set, falling back to 1 default profile: "default"
2024-05-21T18:13:40.306+10:00  INFO 12888 --- [           main] c.d.m.CucumberSpringStepDefinition       : Started CucumberSpringStepDefinition in 1.511 seconds (process running for 5.483)
2024-05-21T18:13:40.313+10:00  INFO 12888 --- [           main] c.d.migration.RdfBuilderApplication      : Running RDF Builder.
2024-05-21T18:13:40.313+10:00  INFO 12888 --- [           main] c.d.migration.readers.CsvReader          : Reading: specifications/actions.csv
2024-05-21T18:13:40.483+10:00  INFO 12888 --- [           main] c.d.migration.readers.CsvReader          : Reading: specifications/business-units.csv
2024-05-21T18:13:40.486+10:00  INFO 12888 --- [           main] c.d.migration.readers.CsvReader          : Reading: specifications/containers-source.csv
2024-05-21T18:13:40.530+10:00  INFO 12888 --- [           main] c.d.migration.readers.CsvReader          : Reading: specifications/containers-target.csv
2024-05-21T18:13:40.540+10:00  INFO 12888 --- [           main] c.d.migration.readers.CsvReader          : Reading: specifications/mappings.csv
2024-05-21T18:13:40.552+10:00  INFO 12888 --- [           main] c.d.migration.readers.CsvReader          : Reading: specifications/people.csv
2024-05-21T18:13:40.556+10:00  INFO 12888 --- [           main] c.d.migration.writers.TtlWriter          : Writing: graph.ttl
2024-05-21T18:13:40.693+10:00  INFO 12888 --- [           main] c.d.migration.RdfBuilderApplication      : Done building RDF.
2024-05-21T18:13:41.386+10:00  INFO 12888 --- [           main] c.d.migration.telemetry.TelemetryProbe   : Events: []
]]></system-out>
  </testcase>
  <testcase name="Example #1.1" classname="Examples" time="0.066">
    <system-out><![CDATA[2024-05-21T18:13:41.581+10:00  INFO 12888 --- [           main] t.c.s.AnnotationConfigContextLoaderUtils : Could not detect default configuration classes for test class [com.dataqualityworks.migration.CucumberSpringStepDefinition]: CucumberSpringStepDefinition does not declare any static, non-private, non-final, nested classes annotated with @Configuration.
2024-05-21T18:13:41.584+10:00  INFO 12888 --- [           main] .b.t.c.SpringBootTestContextBootstrapper : Found @SpringBootConfiguration com.dataqualityworks.migration.RdfBuilderApplication for test class com.dataqualityworks.migration.CucumberSpringStepDefinition
2024-05-21T18:13:41.641+10:00  INFO 12888 --- [           main] c.d.migration.telemetry.TelemetryProbe   : Events: []
]]></system-out>
  </testcase>
  <testcase name="Example #1.1" classname="Examples" time="0.058">
    <system-out><![CDATA[2024-05-21T18:13:42.240+10:00  INFO 12888 --- [           main] t.c.s.AnnotationConfigContextLoaderUtils : Could not detect default configuration classes for test class [com.dataqualityworks.migration.CucumberSpringStepDefinition]: CucumberSpringStepDefinition does not declare any static, non-private, non-final, nested classes annotated with @Configuration.
2024-05-21T18:13:42.242+10:00  INFO 12888 --- [           main] .b.t.c.SpringBootTestContextBootstrapper : Found @SpringBootConfiguration com.dataqualityworks.migration.RdfBuilderApplication for test class com.dataqualityworks.migration.CucumberSpringStepDefinition
2024-05-21T18:13:42.291+10:00  INFO 12888 --- [           main] c.d.migration.telemetry.TelemetryProbe   : Events: []
]]></system-out>
  </testcase>
  <testcase name="Example #1.1" classname="Examples" time="0.046">
    <system-out><![CDATA[2024-05-21T18:13:42.405+10:00  INFO 12888 --- [           main] t.c.s.AnnotationConfigContextLoaderUtils : Could not detect default configuration classes for test class [com.dataqualityworks.migration.CucumberSpringStepDefinition]: CucumberSpringStepDefinition does not declare any static, non-private, non-final, nested classes annotated with @Configuration.
2024-05-21T18:13:42.417+10:00  INFO 12888 --- [           main] .b.t.c.SpringBootTestContextBootstrapper : Found @SpringBootConfiguration com.dataqualityworks.migration.RdfBuilderApplication for test class com.dataqualityworks.migration.CucumberSpringStepDefinition
2024-05-21T18:13:42.444+10:00  INFO 12888 --- [           main] c.d.migration.telemetry.TelemetryProbe   : Events: []
]]></system-out>
  </testcase>
  <testcase name="Example #1.1" classname="Examples" time="0.029">
    <system-out><![CDATA[2024-05-21T18:13:42.451+10:00  INFO 12888 --- [           main] t.c.s.AnnotationConfigContextLoaderUtils : Could not detect default configuration classes for test class [com.dataqualityworks.migration.CucumberSpringStepDefinition]: CucumberSpringStepDefinition does not declare any static, non-private, non-final, nested classes annotated with @Configuration.
2024-05-21T18:13:42.452+10:00  INFO 12888 --- [           main] .b.t.c.SpringBootTestContextBootstrapper : Found @SpringBootConfiguration com.dataqualityworks.migration.RdfBuilderApplication for test class com.dataqualityworks.migration.CucumberSpringStepDefinition
2024-05-21T18:13:42.474+10:00  INFO 12888 --- [           main] c.d.migration.telemetry.TelemetryProbe   : Events: []
]]></system-out>
  </testcase>
  <testcase name="Example #1.1" classname="Examples" time="0.022">
    <system-out><![CDATA[2024-05-21T18:13:42.590+10:00  INFO 12888 --- [           main] t.c.s.AnnotationConfigContextLoaderUtils : Could not detect default configuration classes for test class [com.dataqualityworks.migration.CucumberSpringStepDefinition]: CucumberSpringStepDefinition does not declare any static, non-private, non-final, nested classes annotated with @Configuration.
2024-05-21T18:13:42.592+10:00  INFO 12888 --- [           main] .b.t.c.SpringBootTestContextBootstrapper : Found @SpringBootConfiguration com.dataqualityworks.migration.RdfBuilderApplication for test class com.dataqualityworks.migration.CucumberSpringStepDefinition
2024-05-21T18:13:42.607+10:00  INFO 12888 --- [           main] c.d.migration.telemetry.TelemetryProbe   : Events: []
]]></system-out>
  </testcase>
  <testcase name="Example #1.1" classname="Examples" time="0.024">
    <system-out><![CDATA[2024-05-21T18:13:42.617+10:00  INFO 12888 --- [           main] t.c.s.AnnotationConfigContextLoaderUtils : Could not detect default configuration classes for test class [com.dataqualityworks.migration.CucumberSpringStepDefinition]: CucumberSpringStepDefinition does not declare any static, non-private, non-final, nested classes annotated with @Configuration.
2024-05-21T18:13:42.619+10:00  INFO 12888 --- [           main] .b.t.c.SpringBootTestContextBootstrapper : Found @SpringBootConfiguration com.dataqualityworks.migration.RdfBuilderApplication for test class com.dataqualityworks.migration.CucumberSpringStepDefinition
2024-05-21T18:13:42.634+10:00  INFO 12888 --- [           main] c.d.migration.telemetry.TelemetryProbe   : Events: []
]]></system-out>
  </testcase>
  <testcase name="Example #1.1" classname="Examples" time="0.019">
    <system-out><![CDATA[2024-05-21T18:13:42.674+10:00  INFO 12888 --- [           main] t.c.s.AnnotationConfigContextLoaderUtils : Could not detect default configuration classes for test class [com.dataqualityworks.migration.CucumberSpringStepDefinition]: CucumberSpringStepDefinition does not declare any static, non-private, non-final, nested classes annotated with @Configuration.
2024-05-21T18:13:42.676+10:00  INFO 12888 --- [           main] .b.t.c.SpringBootTestContextBootstrapper : Found @SpringBootConfiguration com.dataqualityworks.migration.RdfBuilderApplication for test class com.dataqualityworks.migration.CucumberSpringStepDefinition
2024-05-21T18:13:42.688+10:00  INFO 12888 --- [           main] c.d.migration.telemetry.TelemetryProbe   : Events: []
]]></system-out>
  </testcase>
  <testcase name="Example #1.1" classname="Examples" time="0.034">
    <system-out><![CDATA[2024-05-21T18:13:42.753+10:00  INFO 12888 --- [           main] t.c.s.AnnotationConfigContextLoaderUtils : Could not detect default configuration classes for test class [com.dataqualityworks.migration.CucumberSpringStepDefinition]: CucumberSpringStepDefinition does not declare any static, non-private, non-final, nested classes annotated with @Configuration.
2024-05-21T18:13:42.760+10:00  INFO 12888 --- [           main] .b.t.c.SpringBootTestContextBootstrapper : Found @SpringBootConfiguration com.dataqualityworks.migration.RdfBuilderApplication for test class com.dataqualityworks.migration.CucumberSpringStepDefinition
2024-05-21T18:13:42.782+10:00  INFO 12888 --- [           main] c.d.migration.telemetry.TelemetryProbe   : Events: []
]]></system-out>
  </testcase>
  <testcase name="Example #1.1" classname="Examples" time="0.019">
    <system-out><![CDATA[2024-05-21T18:13:42.789+10:00  INFO 12888 --- [           main] t.c.s.AnnotationConfigContextLoaderUtils : Could not detect default configuration classes for test class [com.dataqualityworks.migration.CucumberSpringStepDefinition]: CucumberSpringStepDefinition does not declare any static, non-private, non-final, nested classes annotated with @Configuration.
2024-05-21T18:13:42.792+10:00  INFO 12888 --- [           main] .b.t.c.SpringBootTestContextBootstrapper : Found @SpringBootConfiguration com.dataqualityworks.migration.RdfBuilderApplication for test class com.dataqualityworks.migration.CucumberSpringStepDefinition
2024-05-21T18:13:42.802+10:00  INFO 12888 --- [           main] c.d.migration.telemetry.TelemetryProbe   : Events: []
]]></system-out>
  </testcase>
  <testcase name="Example #1.1" classname="Examples" time="0.029">
    <system-out><![CDATA[2024-05-21T18:13:42.809+10:00  INFO 12888 --- [           main] t.c.s.AnnotationConfigContextLoaderUtils : Could not detect default configuration classes for test class [com.dataqualityworks.migration.CucumberSpringStepDefinition]: CucumberSpringStepDefinition does not declare any static, non-private, non-final, nested classes annotated with @Configuration.
2024-05-21T18:13:42.813+10:00  INFO 12888 --- [           main] .b.t.c.SpringBootTestContextBootstrapper : Found @SpringBootConfiguration com.dataqualityworks.migration.RdfBuilderApplication for test class com.dataqualityworks.migration.CucumberSpringStepDefinition
2024-05-21T18:13:42.827+10:00  INFO 12888 --- [           main] c.d.migration.telemetry.TelemetryProbe   : Events: []
]]></system-out>
  </testcase>
  <testcase name="Example #1.1" classname="Examples" time="0.034">
    <system-out><![CDATA[2024-05-21T18:13:42.889+10:00  INFO 12888 --- [           main] t.c.s.AnnotationConfigContextLoaderUtils : Could not detect default configuration classes for test class [com.dataqualityworks.migration.CucumberSpringStepDefinition]: CucumberSpringStepDefinition does not declare any static, non-private, non-final, nested classes annotated with @Configuration.
2024-05-21T18:13:42.897+10:00  INFO 12888 --- [           main] .b.t.c.SpringBootTestContextBootstrapper : Found @SpringBootConfiguration com.dataqualityworks.migration.RdfBuilderApplication for test class com.dataqualityworks.migration.CucumberSpringStepDefinition
2024-05-21T18:13:42.919+10:00  INFO 12888 --- [           main] c.d.migration.telemetry.TelemetryProbe   : Events: []
]]></system-out>
  </testcase>
  <testcase name="Example #1.1" classname="Examples" time="0.02">
    <system-out><![CDATA[2024-05-21T18:13:42.926+10:00  INFO 12888 --- [           main] t.c.s.AnnotationConfigContextLoaderUtils : Could not detect default configuration classes for test class [com.dataqualityworks.migration.CucumberSpringStepDefinition]: CucumberSpringStepDefinition does not declare any static, non-private, non-final, nested classes annotated with @Configuration.
2024-05-21T18:13:42.928+10:00  INFO 12888 --- [           main] .b.t.c.SpringBootTestContextBootstrapper : Found @SpringBootConfiguration com.dataqualityworks.migration.RdfBuilderApplication for test class com.dataqualityworks.migration.CucumberSpringStepDefinition
2024-05-21T18:13:42.940+10:00  INFO 12888 --- [           main] c.d.migration.telemetry.TelemetryProbe   : Events: []
]]></system-out>
  </testcase>
  <testcase name="Example #1.1" classname="Examples" time="0.022">
    <system-out><![CDATA[2024-05-21T18:13:42.947+10:00  INFO 12888 --- [           main] t.c.s.AnnotationConfigContextLoaderUtils : Could not detect default configuration classes for test class [com.dataqualityworks.migration.CucumberSpringStepDefinition]: CucumberSpringStepDefinition does not declare any static, non-private, non-final, nested classes annotated with @Configuration.
2024-05-21T18:13:42.950+10:00  INFO 12888 --- [           main] .b.t.c.SpringBootTestContextBootstrapper : Found @SpringBootConfiguration com.dataqualityworks.migration.RdfBuilderApplication for test class com.dataqualityworks.migration.CucumberSpringStepDefinition
2024-05-21T18:13:42.962+10:00  INFO 12888 --- [           main] c.d.migration.telemetry.TelemetryProbe   : Events: []
]]></system-out>
  </testcase>
  <testcase name="Example #1.1" classname="Examples" time="0.023">
    <system-out><![CDATA[2024-05-21T18:13:42.974+10:00  INFO 12888 --- [           main] t.c.s.AnnotationConfigContextLoaderUtils : Could not detect default configuration classes for test class [com.dataqualityworks.migration.CucumberSpringStepDefinition]: CucumberSpringStepDefinition does not declare any static, non-private, non-final, nested classes annotated with @Configuration.
2024-05-21T18:13:42.976+10:00  INFO 12888 --- [           main] .b.t.c.SpringBootTestContextBootstrapper : Found @SpringBootConfiguration com.dataqualityworks.migration.RdfBuilderApplication for test class com.dataqualityworks.migration.CucumberSpringStepDefinition
2024-05-21T18:13:42.990+10:00  INFO 12888 --- [           main] c.d.migration.telemetry.TelemetryProbe   : Events: []
]]></system-out>
  </testcase>
  <testcase name="Example #1.1" classname="Examples" time="0.03">
    <system-out><![CDATA[2024-05-21T18:13:42.997+10:00  INFO 12888 --- [           main] t.c.s.AnnotationConfigContextLoaderUtils : Could not detect default configuration classes for test class [com.dataqualityworks.migration.CucumberSpringStepDefinition]: CucumberSpringStepDefinition does not declare any static, non-private, non-final, nested classes annotated with @Configuration.
2024-05-21T18:13:43.001+10:00  INFO 12888 --- [           main] .b.t.c.SpringBootTestContextBootstrapper : Found @SpringBootConfiguration com.dataqualityworks.migration.RdfBuilderApplication for test class com.dataqualityworks.migration.CucumberSpringStepDefinition
2024-05-21T18:13:43.019+10:00  INFO 12888 --- [           main] c.d.migration.telemetry.TelemetryProbe   : Events: []
]]></system-out>
  </testcase>
  <testcase name="Example #1.2" classname="Examples" time="0.059">
    <system-out><![CDATA[2024-05-21T18:13:41.403+10:00  INFO 12888 --- [           main] t.c.s.AnnotationConfigContextLoaderUtils : Could not detect default configuration classes for test class [com.dataqualityworks.migration.CucumberSpringStepDefinition]: CucumberSpringStepDefinition does not declare any static, non-private, non-final, nested classes annotated with @Configuration.
2024-05-21T18:13:41.406+10:00  INFO 12888 --- [           main] .b.t.c.SpringBootTestContextBootstrapper : Found @SpringBootConfiguration com.dataqualityworks.migration.RdfBuilderApplication for test class com.dataqualityworks.migration.CucumberSpringStepDefinition
2024-05-21T18:13:41.449+10:00  INFO 12888 --- [           main] c.d.migration.telemetry.TelemetryProbe   : Events: []
]]></system-out>
  </testcase>
  <testcase name="Example #1.2" classname="Examples" time="0.036">
    <system-out><![CDATA[2024-05-21T18:13:41.647+10:00  INFO 12888 --- [           main] t.c.s.AnnotationConfigContextLoaderUtils : Could not detect default configuration classes for test class [com.dataqualityworks.migration.CucumberSpringStepDefinition]: CucumberSpringStepDefinition does not declare any static, non-private, non-final, nested classes annotated with @Configuration.
2024-05-21T18:13:41.649+10:00  INFO 12888 --- [           main] .b.t.c.SpringBootTestContextBootstrapper : Found @SpringBootConfiguration com.dataqualityworks.migration.RdfBuilderApplication for test class com.dataqualityworks.migration.CucumberSpringStepDefinition
2024-05-21T18:13:41.675+10:00  INFO 12888 --- [           main] c.d.migration.telemetry.TelemetryProbe   : Events: []
]]></system-out>
  </testcase>
  <testcase name="Example #1.2" classname="Examples" time="0.04">
    <system-out><![CDATA[2024-05-21T18:13:42.297+10:00  INFO 12888 --- [           main] t.c.s.AnnotationConfigContextLoaderUtils : Could not detect default configuration classes for test class [com.dataqualityworks.migration.CucumberSpringStepDefinition]: CucumberSpringStepDefinition does not declare any static, non-private, non-final, nested classes annotated with @Configuration.
2024-05-21T18:13:42.301+10:00  INFO 12888 --- [           main] .b.t.c.SpringBootTestContextBootstrapper : Found @SpringBootConfiguration com.dataqualityworks.migration.RdfBuilderApplication for test class com.dataqualityworks.migration.CucumberSpringStepDefinition
2024-05-21T18:13:42.326+10:00  INFO 12888 --- [           main] c.d.migration.telemetry.TelemetryProbe   : Events: []
]]></system-out>
  </testcase>
  <testcase name="Example #1.2" classname="Examples" time="0.025">
    <system-out><![CDATA[2024-05-21T18:13:42.484+10:00  INFO 12888 --- [           main] t.c.s.AnnotationConfigContextLoaderUtils : Could not detect default configuration classes for test class [com.dataqualityworks.migration.CucumberSpringStepDefinition]: CucumberSpringStepDefinition does not declare any static, non-private, non-final, nested classes annotated with @Configuration.
2024-05-21T18:13:42.488+10:00  INFO 12888 --- [           main] .b.t.c.SpringBootTestContextBootstrapper : Found @SpringBootConfiguration com.dataqualityworks.migration.RdfBuilderApplication for test class com.dataqualityworks.migration.CucumberSpringStepDefinition
2024-05-21T18:13:42.502+10:00  INFO 12888 --- [           main] c.d.migration.telemetry.TelemetryProbe   : Events: []
]]></system-out>
  </testcase>
  <testcase name="Example #1.2" classname="Examples" time="0.031">
    <system-out><![CDATA[2024-05-21T18:13:42.841+10:00  INFO 12888 --- [           main] t.c.s.AnnotationConfigContextLoaderUtils : Could not detect default configuration classes for test class [com.dataqualityworks.migration.CucumberSpringStepDefinition]: CucumberSpringStepDefinition does not declare any static, non-private, non-final, nested classes annotated with @Configuration.
2024-05-21T18:13:42.844+10:00  INFO 12888 --- [           main] .b.t.c.SpringBootTestContextBootstrapper : Found @SpringBootConfiguration com.dataqualityworks.migration.RdfBuilderApplication for test class com.dataqualityworks.migration.CucumberSpringStepDefinition
2024-05-21T18:13:42.865+10:00  INFO 12888 --- [           main] c.d.migration.telemetry.TelemetryProbe   : Events: []
]]></system-out>
  </testcase>
  <testcase name="Example #1.3" classname="Examples" time="0.051">
    <system-out><![CDATA[2024-05-21T18:13:41.688+10:00  INFO 12888 --- [           main] t.c.s.AnnotationConfigContextLoaderUtils : Could not detect default configuration classes for test class [com.dataqualityworks.migration.CucumberSpringStepDefinition]: CucumberSpringStepDefinition does not declare any static, non-private, non-final, nested classes annotated with @Configuration.
2024-05-21T18:13:41.693+10:00  INFO 12888 --- [           main] .b.t.c.SpringBootTestContextBootstrapper : Found @SpringBootConfiguration com.dataqualityworks.migration.RdfBuilderApplication for test class com.dataqualityworks.migration.CucumberSpringStepDefinition
2024-05-21T18:13:41.728+10:00  INFO 12888 --- [           main] c.d.migration.telemetry.TelemetryProbe   : Events: []
]]></system-out>
  </testcase>
  <testcase name="Example #1.3" classname="Examples" time="0.054">
    <system-out><![CDATA[2024-05-21T18:13:42.341+10:00  INFO 12888 --- [           main] t.c.s.AnnotationConfigContextLoaderUtils : Could not detect default configuration classes for test class [com.dataqualityworks.migration.CucumberSpringStepDefinition]: CucumberSpringStepDefinition does not declare any static, non-private, non-final, nested classes annotated with @Configuration.
2024-05-21T18:13:42.345+10:00  INFO 12888 --- [           main] .b.t.c.SpringBootTestContextBootstrapper : Found @SpringBootConfiguration com.dataqualityworks.migration.RdfBuilderApplication for test class com.dataqualityworks.migration.CucumberSpringStepDefinition
2024-05-21T18:13:42.385+10:00  INFO 12888 --- [           main] c.d.migration.telemetry.TelemetryProbe   : Events: []
]]></system-out>
  </testcase>
  <testcase name="Example #1.3" classname="Examples" time="0.026">
    <system-out><![CDATA[2024-05-21T18:13:42.508+10:00  INFO 12888 --- [           main] t.c.s.AnnotationConfigContextLoaderUtils : Could not detect default configuration classes for test class [com.dataqualityworks.migration.CucumberSpringStepDefinition]: CucumberSpringStepDefinition does not declare any static, non-private, non-final, nested classes annotated with @Configuration.
2024-05-21T18:13:42.511+10:00  INFO 12888 --- [           main] .b.t.c.SpringBootTestContextBootstrapper : Found @SpringBootConfiguration com.dataqualityworks.migration.RdfBuilderApplication for test class com.dataqualityworks.migration.CucumberSpringStepDefinition
2024-05-21T18:13:42.527+10:00  INFO 12888 --- [           main] c.d.migration.telemetry.TelemetryProbe   : Events: []
]]></system-out>
  </testcase>
  <testcase name="Example #1.3" classname="Examples" time="0.018">
    <system-out><![CDATA[2024-05-21T18:13:42.869+10:00  INFO 12888 --- [           main] t.c.s.AnnotationConfigContextLoaderUtils : Could not detect default configuration classes for test class [com.dataqualityworks.migration.CucumberSpringStepDefinition]: CucumberSpringStepDefinition does not declare any static, non-private, non-final, nested classes annotated with @Configuration.
2024-05-21T18:13:42.871+10:00  INFO 12888 --- [           main] .b.t.c.SpringBootTestContextBootstrapper : Found @SpringBootConfiguration com.dataqualityworks.migration.RdfBuilderApplication for test class com.dataqualityworks.migration.CucumberSpringStepDefinition
2024-05-21T18:13:42.883+10:00  INFO 12888 --- [           main] c.d.migration.telemetry.TelemetryProbe   : Events: []
]]></system-out>
  </testcase>
  <testcase name="Example #1.4" classname="Examples" time="0.044">
    <system-out><![CDATA[2024-05-21T18:13:41.734+10:00  INFO 12888 --- [           main] t.c.s.AnnotationConfigContextLoaderUtils : Could not detect default configuration classes for test class [com.dataqualityworks.migration.CucumberSpringStepDefinition]: CucumberSpringStepDefinition does not declare any static, non-private, non-final, nested classes annotated with @Configuration.
2024-05-21T18:13:41.738+10:00  INFO 12888 --- [           main] .b.t.c.SpringBootTestContextBootstrapper : Found @SpringBootConfiguration com.dataqualityworks.migration.RdfBuilderApplication for test class com.dataqualityworks.migration.CucumberSpringStepDefinition
2024-05-21T18:13:41.770+10:00  INFO 12888 --- [           main] c.d.migration.telemetry.TelemetryProbe   : Events: []
]]></system-out>
  </testcase>
  <testcase name="Example #1.4" classname="Examples" time="0.025">
    <system-out><![CDATA[2024-05-21T18:13:42.534+10:00  INFO 12888 --- [           main] t.c.s.AnnotationConfigContextLoaderUtils : Could not detect default configuration classes for test class [com.dataqualityworks.migration.CucumberSpringStepDefinition]: CucumberSpringStepDefinition does not declare any static, non-private, non-final, nested classes annotated with @Configuration.
2024-05-21T18:13:42.536+10:00  INFO 12888 --- [           main] .b.t.c.SpringBootTestContextBootstrapper : Found @SpringBootConfiguration com.dataqualityworks.migration.RdfBuilderApplication for test class com.dataqualityworks.migration.CucumberSpringStepDefinition
2024-05-21T18:13:42.554+10:00  INFO 12888 --- [           main] c.d.migration.telemetry.TelemetryProbe   : Events: []
]]></system-out>
  </testcase>
  <testcase name="Example #1.5" classname="Examples" time="0.027">
    <system-out><![CDATA[2024-05-21T18:13:42.560+10:00  INFO 12888 --- [           main] t.c.s.AnnotationConfigContextLoaderUtils : Could not detect default configuration classes for test class [com.dataqualityworks.migration.CucumberSpringStepDefinition]: CucumberSpringStepDefinition does not declare any static, non-private, non-final, nested classes annotated with @Configuration.
2024-05-21T18:13:42.564+10:00  INFO 12888 --- [           main] .b.t.c.SpringBootTestContextBootstrapper : Found @SpringBootConfiguration com.dataqualityworks.migration.RdfBuilderApplication for test class com.dataqualityworks.migration.CucumberSpringStepDefinition
2024-05-21T18:13:42.581+10:00  INFO 12888 --- [           main] c.d.migration.telemetry.TelemetryProbe   : Events: []
]]></system-out>
  </testcase>
  <testcase name="Data in the extract is available" classname="categories.csv extract has data available" time="0.058">
    <system-out><![CDATA[2024-05-21T18:13:41.464+10:00  INFO 12888 --- [           main] t.c.s.AnnotationConfigContextLoaderUtils : Could not detect default configuration classes for test class [com.dataqualityworks.migration.CucumberSpringStepDefinition]: CucumberSpringStepDefinition does not declare any static, non-private, non-final, nested classes annotated with @Configuration.
2024-05-21T18:13:41.469+10:00  INFO 12888 --- [           main] .b.t.c.SpringBootTestContextBootstrapper : Found @SpringBootConfiguration com.dataqualityworks.migration.RdfBuilderApplication for test class com.dataqualityworks.migration.CucumberSpringStepDefinition
2024-05-21T18:13:41.516+10:00  INFO 12888 --- [           main] c.d.migration.telemetry.TelemetryProbe   : Events: []
]]></system-out>
  </testcase>
  <testcase name="Extract is complete with respect to attributes" classname="categories.csv extract is complete with respect to all attributes present" time="0.039">
    <system-out><![CDATA[2024-05-21T18:13:41.526+10:00  INFO 12888 --- [           main] t.c.s.AnnotationConfigContextLoaderUtils : Could not detect default configuration classes for test class [com.dataqualityworks.migration.CucumberSpringStepDefinition]: CucumberSpringStepDefinition does not declare any static, non-private, non-final, nested classes annotated with @Configuration.
2024-05-21T18:13:41.530+10:00  INFO 12888 --- [           main] .b.t.c.SpringBootTestContextBootstrapper : Found @SpringBootConfiguration com.dataqualityworks.migration.RdfBuilderApplication for test class com.dataqualityworks.migration.CucumberSpringStepDefinition
2024-05-21T18:13:41.558+10:00  INFO 12888 --- [           main] c.d.migration.telemetry.TelemetryProbe   : Events: []
]]></system-out>
  </testcase>
  <testcase name="Extract is present" classname="categories.csv extract is present" time="0.047">
    <system-out><![CDATA[2024-05-21T18:13:41.781+10:00  INFO 12888 --- [           main] t.c.s.AnnotationConfigContextLoaderUtils : Could not detect default configuration classes for test class [com.dataqualityworks.migration.CucumberSpringStepDefinition]: CucumberSpringStepDefinition does not declare any static, non-private, non-final, nested classes annotated with @Configuration.
2024-05-21T18:13:41.785+10:00  INFO 12888 --- [           main] .b.t.c.SpringBootTestContextBootstrapper : Found @SpringBootConfiguration com.dataqualityworks.migration.RdfBuilderApplication for test class com.dataqualityworks.migration.CucumberSpringStepDefinition
2024-05-21T18:13:41.819+10:00  INFO 12888 --- [           main] c.d.migration.telemetry.TelemetryProbe   : Events: []
]]></system-out>
  </testcase>
  <testcase name="Extract is complete with respect to all values present" classname="categories.csv extract is complete with respect to all values present against expectations" time="0.043">
    <system-out><![CDATA[2024-05-21T18:13:41.833+10:00  INFO 12888 --- [           main] t.c.s.AnnotationConfigContextLoaderUtils : Could not detect default configuration classes for test class [com.dataqualityworks.migration.CucumberSpringStepDefinition]: CucumberSpringStepDefinition does not declare any static, non-private, non-final, nested classes annotated with @Configuration.
2024-05-21T18:13:41.837+10:00  INFO 12888 --- [           main] .b.t.c.SpringBootTestContextBootstrapper : Found @SpringBootConfiguration com.dataqualityworks.migration.RdfBuilderApplication for test class com.dataqualityworks.migration.CucumberSpringStepDefinition
2024-05-21T18:13:41.868+10:00  INFO 12888 --- [           main] c.d.migration.telemetry.TelemetryProbe   : Events: []
]]></system-out>
  </testcase>
  <testcase name="Extract is complete with respect to all numerical values of an attribute being present" classname="categories.csv extract is complete with respect to all possible values of an attribute being present against expectations" time="0.041">
    <system-out><![CDATA[2024-05-21T18:13:41.882+10:00  INFO 12888 --- [           main] t.c.s.AnnotationConfigContextLoaderUtils : Could not detect default configuration classes for test class [com.dataqualityworks.migration.CucumberSpringStepDefinition]: CucumberSpringStepDefinition does not declare any static, non-private, non-final, nested classes annotated with @Configuration.
2024-05-21T18:13:41.889+10:00  INFO 12888 --- [           main] .b.t.c.SpringBootTestContextBootstrapper : Found @SpringBootConfiguration com.dataqualityworks.migration.RdfBuilderApplication for test class com.dataqualityworks.migration.CucumberSpringStepDefinition
2024-05-21T18:13:41.916+10:00  INFO 12888 --- [           main] c.d.migration.telemetry.TelemetryProbe   : Events: []
]]></system-out>
  </testcase>
  <testcase name="Extract is complete with respect to all string values of an attribute being present" classname="categories.csv extract is complete with respect to all possible values of an attribute being present against expectations" time="0.047">
    <system-out><![CDATA[2024-05-21T18:13:41.929+10:00  INFO 12888 --- [           main] t.c.s.AnnotationConfigContextLoaderUtils : Could not detect default configuration classes for test class [com.dataqualityworks.migration.CucumberSpringStepDefinition]: CucumberSpringStepDefinition does not declare any static, non-private, non-final, nested classes annotated with @Configuration.
2024-05-21T18:13:41.933+10:00  INFO 12888 --- [           main] .b.t.c.SpringBootTestContextBootstrapper : Found @SpringBootConfiguration com.dataqualityworks.migration.RdfBuilderApplication for test class com.dataqualityworks.migration.CucumberSpringStepDefinition
2024-05-21T18:13:41.964+10:00  INFO 12888 --- [           main] c.d.migration.telemetry.TelemetryProbe   : Events: []
]]></system-out>
  </testcase>
  <testcase name="Specification for categories.csv is complete with respect to label" classname="Specification for categories.csv is complete with respect to specification format" time="0.045">
    <system-out><![CDATA[2024-05-21T18:13:41.982+10:00  INFO 12888 --- [           main] t.c.s.AnnotationConfigContextLoaderUtils : Could not detect default configuration classes for test class [com.dataqualityworks.migration.CucumberSpringStepDefinition]: CucumberSpringStepDefinition does not declare any static, non-private, non-final, nested classes annotated with @Configuration.
2024-05-21T18:13:41.985+10:00  INFO 12888 --- [           main] .b.t.c.SpringBootTestContextBootstrapper : Found @SpringBootConfiguration com.dataqualityworks.migration.RdfBuilderApplication for test class com.dataqualityworks.migration.CucumberSpringStepDefinition
2024-05-21T18:13:42.016+10:00  INFO 12888 --- [           main] c.d.migration.telemetry.TelemetryProbe   : Events: []
]]></system-out>
  </testcase>
  <testcase name="Specification for categories.csv is complete with respect to comment" classname="Specification for categories.csv is complete with respect to specification format" time="0.057">
    <system-out><![CDATA[2024-05-21T18:13:42.029+10:00  INFO 12888 --- [           main] t.c.s.AnnotationConfigContextLoaderUtils : Could not detect default configuration classes for test class [com.dataqualityworks.migration.CucumberSpringStepDefinition]: CucumberSpringStepDefinition does not declare any static, non-private, non-final, nested classes annotated with @Configuration.
2024-05-21T18:13:42.033+10:00  INFO 12888 --- [           main] .b.t.c.SpringBootTestContextBootstrapper : Found @SpringBootConfiguration com.dataqualityworks.migration.RdfBuilderApplication for test class com.dataqualityworks.migration.CucumberSpringStepDefinition
2024-05-21T18:13:42.077+10:00  INFO 12888 --- [           main] c.d.migration.telemetry.TelemetryProbe   : Events: []
]]></system-out>
  </testcase>
  <testcase name="Specification for categories.csv is complete with respect to type" classname="Specification for categories.csv is complete with respect to specification format" time="0.024">
    <system-out><![CDATA[2024-05-21T18:13:42.083+10:00  INFO 12888 --- [           main] t.c.s.AnnotationConfigContextLoaderUtils : Could not detect default configuration classes for test class [com.dataqualityworks.migration.CucumberSpringStepDefinition]: CucumberSpringStepDefinition does not declare any static, non-private, non-final, nested classes annotated with @Configuration.
2024-05-21T18:13:42.087+10:00  INFO 12888 --- [           main] .b.t.c.SpringBootTestContextBootstrapper : Found @SpringBootConfiguration com.dataqualityworks.migration.RdfBuilderApplication for test class com.dataqualityworks.migration.CucumberSpringStepDefinition
2024-05-21T18:13:42.101+10:00  INFO 12888 --- [           main] c.d.migration.telemetry.TelemetryProbe   : Events: []
]]></system-out>
  </testcase>
  <testcase name="Specification for categories.csv is complete with respect to identity" classname="Specification for categories.csv is complete with respect to specification format" time="0.056">
    <system-out><![CDATA[2024-05-21T18:13:42.110+10:00  INFO 12888 --- [           main] t.c.s.AnnotationConfigContextLoaderUtils : Could not detect default configuration classes for test class [com.dataqualityworks.migration.CucumberSpringStepDefinition]: CucumberSpringStepDefinition does not declare any static, non-private, non-final, nested classes annotated with @Configuration.
2024-05-21T18:13:42.115+10:00  INFO 12888 --- [           main] .b.t.c.SpringBootTestContextBootstrapper : Found @SpringBootConfiguration com.dataqualityworks.migration.RdfBuilderApplication for test class com.dataqualityworks.migration.CucumberSpringStepDefinition
2024-05-21T18:13:42.158+10:00  INFO 12888 --- [           main] c.d.migration.telemetry.TelemetryProbe   : Events: []
]]></system-out>
  </testcase>
  <testcase name="Specification for categories.csv is complete with respect to nullability" classname="Specification for categories.csv is complete with respect to specification format" time="0.029">
    <system-out><![CDATA[2024-05-21T18:13:42.167+10:00  INFO 12888 --- [           main] t.c.s.AnnotationConfigContextLoaderUtils : Could not detect default configuration classes for test class [com.dataqualityworks.migration.CucumberSpringStepDefinition]: CucumberSpringStepDefinition does not declare any static, non-private, non-final, nested classes annotated with @Configuration.
2024-05-21T18:13:42.170+10:00  INFO 12888 --- [           main] .b.t.c.SpringBootTestContextBootstrapper : Found @SpringBootConfiguration com.dataqualityworks.migration.RdfBuilderApplication for test class com.dataqualityworks.migration.CucumberSpringStepDefinition
2024-05-21T18:13:42.189+10:00  INFO 12888 --- [           main] c.d.migration.telemetry.TelemetryProbe   : Events: []
]]></system-out>
  </testcase>
  <testcase name="Extract is consistent with respect to hierarchy business rule for parent categories" classname="categories.csv extract is consistent with respect to business rules" time="0.039">
    <system-out><![CDATA[2024-05-21T18:13:42.200+10:00  INFO 12888 --- [           main] t.c.s.AnnotationConfigContextLoaderUtils : Could not detect default configuration classes for test class [com.dataqualityworks.migration.CucumberSpringStepDefinition]: CucumberSpringStepDefinition does not declare any static, non-private, non-final, nested classes annotated with @Configuration.
2024-05-21T18:13:42.208+10:00  INFO 12888 --- [           main] .b.t.c.SpringBootTestContextBootstrapper : Found @SpringBootConfiguration com.dataqualityworks.migration.RdfBuilderApplication for test class com.dataqualityworks.migration.CucumberSpringStepDefinition
2024-05-21T18:13:42.226+10:00  INFO 12888 --- [           main] c.d.migration.telemetry.TelemetryProbe   : Events: []
]]></system-out>
  </testcase>
  <testcase name="Data in categories.csv has integrity with respect to supplied manifest file" classname="Records in categories.csv has integrity" time="0.028">
    <system-out><![CDATA[2024-05-21T18:13:42.640+10:00  INFO 12888 --- [           main] t.c.s.AnnotationConfigContextLoaderUtils : Could not detect default configuration classes for test class [com.dataqualityworks.migration.CucumberSpringStepDefinition]: CucumberSpringStepDefinition does not declare any static, non-private, non-final, nested classes annotated with @Configuration.
2024-05-21T18:13:42.643+10:00  INFO 12888 --- [           main] .b.t.c.SpringBootTestContextBootstrapper : Found @SpringBootConfiguration com.dataqualityworks.migration.RdfBuilderApplication for test class com.dataqualityworks.migration.CucumberSpringStepDefinition
2024-05-21T18:13:42.661+10:00  INFO 12888 --- [           main] c.d.migration.telemetry.TelemetryProbe   : Events: []
]]></system-out>
  </testcase>
  <testcase name="Specification for categories.csv is compliant with respect to type" classname="Specification for categories.csv is compliant with respect to specification format" time="0.017">
    <system-out><![CDATA[2024-05-21T18:13:42.695+10:00  INFO 12888 --- [           main] t.c.s.AnnotationConfigContextLoaderUtils : Could not detect default configuration classes for test class [com.dataqualityworks.migration.CucumberSpringStepDefinition]: CucumberSpringStepDefinition does not declare any static, non-private, non-final, nested classes annotated with @Configuration.
2024-05-21T18:13:42.698+10:00  INFO 12888 --- [           main] .b.t.c.SpringBootTestContextBootstrapper : Found @SpringBootConfiguration com.dataqualityworks.migration.RdfBuilderApplication for test class com.dataqualityworks.migration.CucumberSpringStepDefinition
2024-05-21T18:13:42.708+10:00  INFO 12888 --- [           main] c.d.migration.telemetry.TelemetryProbe   : Events: []
]]></system-out>
  </testcase>
  <testcase name="Specification for categories.csv is compliant with respect to identity" classname="Specification for categories.csv is compliant with respect to specification format" time="0.022">
    <system-out><![CDATA[2024-05-21T18:13:42.713+10:00  INFO 12888 --- [           main] t.c.s.AnnotationConfigContextLoaderUtils : Could not detect default configuration classes for test class [com.dataqualityworks.migration.CucumberSpringStepDefinition]: CucumberSpringStepDefinition does not declare any static, non-private, non-final, nested classes annotated with @Configuration.
2024-05-21T18:13:42.716+10:00  INFO 12888 --- [           main] .b.t.c.SpringBootTestContextBootstrapper : Found @SpringBootConfiguration com.dataqualityworks.migration.RdfBuilderApplication for test class com.dataqualityworks.migration.CucumberSpringStepDefinition
2024-05-21T18:13:42.731+10:00  INFO 12888 --- [           main] c.d.migration.telemetry.TelemetryProbe   : Events: []
]]></system-out>
  </testcase>
  <testcase name="Specification for categories.csv is compliant with respect to nullability" classname="Specification for categories.csv is compliant with respect to specification format" time="0.017">
    <system-out><![CDATA[2024-05-21T18:13:42.734+10:00  INFO 12888 --- [           main] t.c.s.AnnotationConfigContextLoaderUtils : Could not detect default configuration classes for test class [com.dataqualityworks.migration.CucumberSpringStepDefinition]: CucumberSpringStepDefinition does not declare any static, non-private, non-final, nested classes annotated with @Configuration.
2024-05-21T18:13:42.736+10:00  INFO 12888 --- [           main] .b.t.c.SpringBootTestContextBootstrapper : Found @SpringBootConfiguration com.dataqualityworks.migration.RdfBuilderApplication for test class com.dataqualityworks.migration.CucumberSpringStepDefinition
2024-05-21T18:13:42.748+10:00  INFO 12888 --- [           main] c.d.migration.telemetry.TelemetryProbe   : Events: []
]]></system-out>
  </testcase>
  <testcase name="Extract values are valid with respect to specification with respect to type" classname="categories.csv extract values are valid with the respect to specification" time="0.026">
    <system-out><![CDATA[2024-05-21T18:13:43.035+10:00  INFO 12888 --- [           main] t.c.s.AnnotationConfigContextLoaderUtils : Could not detect default configuration classes for test class [com.dataqualityworks.migration.CucumberSpringStepDefinition]: CucumberSpringStepDefinition does not declare any static, non-private, non-final, nested classes annotated with @Configuration.
2024-05-21T18:13:43.041+10:00  INFO 12888 --- [           main] .b.t.c.SpringBootTestContextBootstrapper : Found @SpringBootConfiguration com.dataqualityworks.migration.RdfBuilderApplication for test class com.dataqualityworks.migration.CucumberSpringStepDefinition
2024-05-21T18:13:43.054+10:00  INFO 12888 --- [           main] c.d.migration.telemetry.TelemetryProbe   : Events: []
]]></system-out>
  </testcase>
  <testcase name="Extract values are valid with respect to specification with respect to identity" classname="categories.csv extract values are valid with the respect to specification" time="0.022">
    <system-out><![CDATA[2024-05-21T18:13:43.058+10:00  INFO 12888 --- [           main] t.c.s.AnnotationConfigContextLoaderUtils : Could not detect default configuration classes for test class [com.dataqualityworks.migration.CucumberSpringStepDefinition]: CucumberSpringStepDefinition does not declare any static, non-private, non-final, nested classes annotated with @Configuration.
2024-05-21T18:13:43.061+10:00  INFO 12888 --- [           main] .b.t.c.SpringBootTestContextBootstrapper : Found @SpringBootConfiguration com.dataqualityworks.migration.RdfBuilderApplication for test class com.dataqualityworks.migration.CucumberSpringStepDefinition
2024-05-21T18:13:43.076+10:00  INFO 12888 --- [           main] c.d.migration.telemetry.TelemetryProbe   : Events: []
]]></system-out>
  </testcase>
  <testcase name="Extract values are valid with respect to specification with respect to nullability" classname="categories.csv extract values are valid with the respect to specification" time="0.02">
    <system-out><![CDATA[2024-05-21T18:13:43.082+10:00  INFO 12888 --- [           main] t.c.s.AnnotationConfigContextLoaderUtils : Could not detect default configuration classes for test class [com.dataqualityworks.migration.CucumberSpringStepDefinition]: CucumberSpringStepDefinition does not declare any static, non-private, non-final, nested classes annotated with @Configuration.
2024-05-21T18:13:43.086+10:00  INFO 12888 --- [           main] .b.t.c.SpringBootTestContextBootstrapper : Found @SpringBootConfiguration com.dataqualityworks.migration.RdfBuilderApplication for test class com.dataqualityworks.migration.CucumberSpringStepDefinition
2024-05-21T18:13:43.097+10:00  INFO 12888 --- [           main] c.d.migration.telemetry.TelemetryProbe   : Events: []
]]></system-out>
  </testcase>
  <testcase name="Extract values are valid with respect to specification with respect to format" classname="categories.csv extract values are valid with the respect to specification" time="0.016">
    <system-out><![CDATA[2024-05-21T18:13:43.100+10:00  INFO 12888 --- [           main] t.c.s.AnnotationConfigContextLoaderUtils : Could not detect default configuration classes for test class [com.dataqualityworks.migration.CucumberSpringStepDefinition]: CucumberSpringStepDefinition does not declare any static, non-private, non-final, nested classes annotated with @Configuration.
2024-05-21T18:13:43.102+10:00  INFO 12888 --- [           main] .b.t.c.SpringBootTestContextBootstrapper : Found @SpringBootConfiguration com.dataqualityworks.migration.RdfBuilderApplication for test class com.dataqualityworks.migration.CucumberSpringStepDefinition
2024-05-21T18:13:43.113+10:00  INFO 12888 --- [           main] c.d.migration.telemetry.TelemetryProbe   : Events: []
]]></system-out>
  </testcase>
</testsuite>