<?xml version="1.0" encoding="UTF-8"?>
<testsuite xmlns:xsi="http://www.w3.org/2001/XMLSchema-instance" xsi:noNamespaceSchemaLocation="https://maven.apache.org/surefire/maven-surefire-plugin/xsd/surefire-test-report-3.0.xsd" version="3.0" name="com.dataqualityworks.migration.AcceptanceTest" time="11.291" tests="10" errors="0" skipped="0" failures="0">
  <properties>
[...]
</properties>
  <testcase name="Example #1.1" classname="Examples" time="7.704">
    <system-out><![CDATA[21:32:55.679 [main] INFO org.springframework.test.context.support.AnnotationConfigContextLoaderUtils -- Could not detect default configuration classes for test class [com.dataqualityworks.migration.CucumberSpringStepDefinition]: CucumberSpringStepDefinition does not declare any static, non-private, non-final, nested classes annotated with @Configuration.
21:32:56.049 [main] INFO org.springframework.boot.test.context.SpringBootTestContextBootstrapper -- Found @SpringBootConfiguration com.dataqualityworks.migration.RdfBuilderApplication for test class com.dataqualityworks.migration.CucumberSpringStepDefinition
 ____  _____ _____ _____    _____ _____ _____ _____ _____ _____ _____ _____ _____    _____ _____ _____ _____ _____ _____ _____ 
|    \|  _  |_   _|  _  |  |     |     |   __| __  |  _  |_   _|     |     |   | |  |_   _|   __|   __|_   _|     |   | |   __|
|  |  |     | | | |     |  | | | |-   -|  |  |    -|     | | | |-   -|  |  | | | |    | | |   __|__   | | | |-   -| | | |  |  |
|____/|__|__| |_| |__|__|  |_|_|_|_____|_____|__|__|__|__| |_| |_____|_____|_|___|    |_| |_____|_____| |_| |_____|_|___|_____|
Data Migration Testing 1.0.0-SNAPSHOT
2024-04-30T21:32:57.996+10:00  INFO 26916 --- [           main] c.d.m.CucumberSpringStepDefinition       : Starting CucumberSpringStepDefinition using Java 17.0.5 with PID 26916 (started by xonix in C:\Users\xonix\Projects\data-migration-testing)
2024-04-30T21:32:58.000+10:00  INFO 26916 --- [           main] c.d.m.CucumberSpringStepDefinition       : No active profile set, falling back to 1 default profile: "default"
2024-04-30T21:33:00.359+10:00  INFO 26916 --- [           main] c.d.m.CucumberSpringStepDefinition       : Started CucumberSpringStepDefinition in 3.821 seconds (process running for 10.344)
2024-04-30T21:33:00.374+10:00  INFO 26916 --- [           main] c.d.migration.RdfBuilderApplication      : Running RDF Builder.
2024-04-30T21:33:00.374+10:00  INFO 26916 --- [           main] c.d.migration.readers.CsvReader          : Reading: specifications/actions.csv
2024-04-30T21:33:00.969+10:00  INFO 26916 --- [           main] c.d.migration.readers.CsvReader          : Reading: specifications/business-units.csv
2024-04-30T21:33:00.980+10:00  INFO 26916 --- [           main] c.d.migration.readers.CsvReader          : Reading: specifications/containers-source.csv
2024-04-30T21:33:01.146+10:00  INFO 26916 --- [           main] c.d.migration.readers.CsvReader          : Reading: specifications/containers-target.csv
2024-04-30T21:33:01.166+10:00  INFO 26916 --- [           main] c.d.migration.readers.CsvReader          : Reading: specifications/mappings.csv
2024-04-30T21:33:01.184+10:00  INFO 26916 --- [           main] c.d.migration.readers.CsvReader          : Reading: specifications/people.csv
2024-04-30T21:33:01.205+10:00  INFO 26916 --- [           main] c.d.migration.writers.TtlWriter          : Writing: graph.ttl
2024-04-30T21:33:01.505+10:00  INFO 26916 --- [           main] c.d.migration.RdfBuilderApplication      : Done building RDF.
2024-04-30T21:33:02.964+10:00  INFO 26916 --- [           main] c.d.migration.telemetry.TelemetryProbe   : Events: []
]]></system-out>
  </testcase>
  <testcase name="Example #1.1" classname="Examples" time="0.088">
    <system-out><![CDATA[2024-04-30T21:33:03.121+10:00  INFO 26916 --- [           main] t.c.s.AnnotationConfigContextLoaderUtils : Could not detect default configuration classes for test class [com.dataqualityworks.migration.CucumberSpringStepDefinition]: CucumberSpringStepDefinition does not declare any static, non-private, non-final, nested classes annotated with @Configuration.
2024-04-30T21:33:03.127+10:00  INFO 26916 --- [           main] .b.t.c.SpringBootTestContextBootstrapper : Found @SpringBootConfiguration com.dataqualityworks.migration.RdfBuilderApplication for test class com.dataqualityworks.migration.CucumberSpringStepDefinition
2024-04-30T21:33:03.199+10:00  INFO 26916 --- [           main] c.d.migration.telemetry.TelemetryProbe   : Events: []
]]></system-out>
  </testcase>
  <testcase name="Example #1.2" classname="Examples" time="0.093">
    <system-out><![CDATA[2024-04-30T21:33:03.017+10:00  INFO 26916 --- [           main] t.c.s.AnnotationConfigContextLoaderUtils : Could not detect default configuration classes for test class [com.dataqualityworks.migration.CucumberSpringStepDefinition]: CucumberSpringStepDefinition does not declare any static, non-private, non-final, nested classes annotated with @Configuration.
2024-04-30T21:33:03.023+10:00  INFO 26916 --- [           main] .b.t.c.SpringBootTestContextBootstrapper : Found @SpringBootConfiguration com.dataqualityworks.migration.RdfBuilderApplication for test class com.dataqualityworks.migration.CucumberSpringStepDefinition
2024-04-30T21:33:03.090+10:00  INFO 26916 --- [           main] c.d.migration.telemetry.TelemetryProbe   : Events: []
]]></system-out>
  </testcase>
  <testcase name="Example #1.2" classname="Examples" time="0.071">
    <system-out><![CDATA[2024-04-30T21:33:03.226+10:00  INFO 26916 --- [           main] t.c.s.AnnotationConfigContextLoaderUtils : Could not detect default configuration classes for test class [com.dataqualityworks.migration.CucumberSpringStepDefinition]: CucumberSpringStepDefinition does not declare any static, non-private, non-final, nested classes annotated with @Configuration.
2024-04-30T21:33:03.229+10:00  INFO 26916 --- [           main] .b.t.c.SpringBootTestContextBootstrapper : Found @SpringBootConfiguration com.dataqualityworks.migration.RdfBuilderApplication for test class com.dataqualityworks.migration.CucumberSpringStepDefinition
2024-04-30T21:33:03.270+10:00  INFO 26916 --- [           main] c.d.migration.telemetry.TelemetryProbe   : Events: []
]]></system-out>
  </testcase>
  <testcase name="Example #1.3" classname="Examples" time="0.14">
    <system-out><![CDATA[2024-04-30T21:33:03.287+10:00  INFO 26916 --- [           main] t.c.s.AnnotationConfigContextLoaderUtils : Could not detect default configuration classes for test class [com.dataqualityworks.migration.CucumberSpringStepDefinition]: CucumberSpringStepDefinition does not declare any static, non-private, non-final, nested classes annotated with @Configuration.
2024-04-30T21:33:03.298+10:00  INFO 26916 --- [           main] .b.t.c.SpringBootTestContextBootstrapper : Found @SpringBootConfiguration com.dataqualityworks.migration.RdfBuilderApplication for test class com.dataqualityworks.migration.CucumberSpringStepDefinition
2024-04-30T21:33:03.395+10:00  INFO 26916 --- [           main] c.d.migration.telemetry.TelemetryProbe   : Events: []
]]></system-out>
  </testcase>
  <testcase name="Example #1.4" classname="Examples" time="0.082">
    <system-out><![CDATA[2024-04-30T21:33:03.434+10:00  INFO 26916 --- [           main] t.c.s.AnnotationConfigContextLoaderUtils : Could not detect default configuration classes for test class [com.dataqualityworks.migration.CucumberSpringStepDefinition]: CucumberSpringStepDefinition does not declare any static, non-private, non-final, nested classes annotated with @Configuration.
2024-04-30T21:33:03.442+10:00  INFO 26916 --- [           main] .b.t.c.SpringBootTestContextBootstrapper : Found @SpringBootConfiguration com.dataqualityworks.migration.RdfBuilderApplication for test class com.dataqualityworks.migration.CucumberSpringStepDefinition
2024-04-30T21:33:03.493+10:00  INFO 26916 --- [           main] c.d.migration.telemetry.TelemetryProbe   : Events: []
]]></system-out>
  </testcase>
  <testcase name="Extract is consistent with the specification with respect to type" classname="categories.csv extract is consistent with the respect to specification" time="0.146">
    <system-out><![CDATA[2024-04-30T21:33:03.538+10:00  INFO 26916 --- [           main] t.c.s.AnnotationConfigContextLoaderUtils : Could not detect default configuration classes for test class [com.dataqualityworks.migration.CucumberSpringStepDefinition]: CucumberSpringStepDefinition does not declare any static, non-private, non-final, nested classes annotated with @Configuration.
2024-04-30T21:33:03.571+10:00  INFO 26916 --- [           main] .b.t.c.SpringBootTestContextBootstrapper : Found @SpringBootConfiguration com.dataqualityworks.migration.RdfBuilderApplication for test class com.dataqualityworks.migration.CucumberSpringStepDefinition
2024-04-30T21:33:03.616+10:00  INFO 26916 --- [           main] c.d.migration.telemetry.TelemetryProbe   : Events: [TelemetryEvent(commaSeparatedValueFileContainerName=null, commaSeparatedValueColumnContainerName=categories.csv, tags=[@categories, @dim-consistency], outcome=null, consistencyDimension=type)]
]]></system-out>
  </testcase>
  <testcase name="Extract is consistent with the specification with respect to identity" classname="categories.csv extract is consistent with the respect to specification" time="0.056">
    <system-out><![CDATA[2024-04-30T21:33:03.695+10:00  INFO 26916 --- [           main] t.c.s.AnnotationConfigContextLoaderUtils : Could not detect default configuration classes for test class [com.dataqualityworks.migration.CucumberSpringStepDefinition]: CucumberSpringStepDefinition does not declare any static, non-private, non-final, nested classes annotated with @Configuration.
2024-04-30T21:33:03.700+10:00  INFO 26916 --- [           main] .b.t.c.SpringBootTestContextBootstrapper : Found @SpringBootConfiguration com.dataqualityworks.migration.RdfBuilderApplication for test class com.dataqualityworks.migration.CucumberSpringStepDefinition
2024-04-30T21:33:03.737+10:00  INFO 26916 --- [           main] c.d.migration.telemetry.TelemetryProbe   : Events: [TelemetryEvent(commaSeparatedValueFileContainerName=null, commaSeparatedValueColumnContainerName=categories.csv, tags=[@categories, @dim-consistency], outcome=null, consistencyDimension=identity)]
]]></system-out>
  </testcase>
  <testcase name="Extract is consistent with the specification with respect to nullability" classname="categories.csv extract is consistent with the respect to specification" time="0.092">
    <system-out><![CDATA[2024-04-30T21:33:03.755+10:00  INFO 26916 --- [           main] t.c.s.AnnotationConfigContextLoaderUtils : Could not detect default configuration classes for test class [com.dataqualityworks.migration.CucumberSpringStepDefinition]: CucumberSpringStepDefinition does not declare any static, non-private, non-final, nested classes annotated with @Configuration.
2024-04-30T21:33:03.758+10:00  INFO 26916 --- [           main] .b.t.c.SpringBootTestContextBootstrapper : Found @SpringBootConfiguration com.dataqualityworks.migration.RdfBuilderApplication for test class com.dataqualityworks.migration.CucumberSpringStepDefinition
2024-04-30T21:33:03.824+10:00  INFO 26916 --- [           main] c.d.migration.telemetry.TelemetryProbe   : Events: [TelemetryEvent(commaSeparatedValueFileContainerName=null, commaSeparatedValueColumnContainerName=categories.csv, tags=[@categories, @dim-consistency], outcome=null, consistencyDimension=nullability)]
]]></system-out>
  </testcase>
  <testcase name="Extract is consistent with the specification with respect to format" classname="categories.csv extract is consistent with the respect to specification" time="0.072">
    <system-out><![CDATA[2024-04-30T21:33:03.871+10:00  INFO 26916 --- [           main] t.c.s.AnnotationConfigContextLoaderUtils : Could not detect default configuration classes for test class [com.dataqualityworks.migration.CucumberSpringStepDefinition]: CucumberSpringStepDefinition does not declare any static, non-private, non-final, nested classes annotated with @Configuration.
2024-04-30T21:33:03.875+10:00  INFO 26916 --- [           main] .b.t.c.SpringBootTestContextBootstrapper : Found @SpringBootConfiguration com.dataqualityworks.migration.RdfBuilderApplication for test class com.dataqualityworks.migration.CucumberSpringStepDefinition
2024-04-30T21:33:03.919+10:00  INFO 26916 --- [           main] c.d.migration.telemetry.TelemetryProbe   : Events: [TelemetryEvent(commaSeparatedValueFileContainerName=null, commaSeparatedValueColumnContainerName=categories.csv, tags=[@categories, @dim-consistency], outcome=null, consistencyDimension=format)]
]]></system-out>
  </testcase>
</testsuite>